build/app/intermediates/manifest_merge_blame_file/release/manifest-merger-blame-release-report.txt
1<?xml version="1.0" encoding="utf-8"?>
2<manifest xmlns:android="http://schemas.android.com/apk/res/android"
3    package="com.example.prototype_litbang"
4    android:versionCode="1"
5    android:versionName="1.0.0" >
6
7    <uses-sdk
8        android:minSdkVersion="16"
8-->src\main\AndroidManifest.xml
9        android:targetSdkVersion="31" />
9-->src\main\AndroidManifest.xml
10
11    <uses-permission android:name="android.permission.REQUEST_INSTALL_PACKAGES" />
11-->src\main\AndroidManifest.xml:3:5-83
11-->src\main\AndroidManifest.xml:3:22-80
12    <uses-permission android:name="android.permission.WRITE_EXTERNAL_STORAGE" />
12-->src\main\AndroidManifest.xml:65:5-81
12-->src\main\AndroidManifest.xml:65:22-78
13    <uses-permission android:name="android.permission.READ_INTERNAL_STORAGE" />
13-->src\main\AndroidManifest.xml:66:5-80
13-->src\main\AndroidManifest.xml:66:22-77
14    <uses-permission android:name="android.permission.READ_EXTERNAL_STORAGE" />
14-->src\main\AndroidManifest.xml:67:5-79
14-->src\main\AndroidManifest.xml:67:22-77
15
16    <queries>
16-->src\main\AndroidManifest.xml:68:5-74:15
17
18        <!-- If your app checks for call support -->
19        <intent>
19-->src\main\AndroidManifest.xml:70:9-73:18
20            <action android:name="android.intent.action.VIEW" />
20-->src\main\AndroidManifest.xml:71:13-65
20-->src\main\AndroidManifest.xml:71:21-62
21
22            <data android:scheme="https" />
22-->src\main\AndroidManifest.xml:72:13-44
22-->src\main\AndroidManifest.xml:72:19-41
23        </intent>
24    </queries>
25
26    <application
27        android:name="android.app.Application"
27-->src\main\AndroidManifest.xml:6:9-42
28        android:appComponentFactory="androidx.core.app.CoreComponentFactory"
28-->[androidx.core:core:1.6.0] AndroidManifest.xml:24:18-86
29        android:icon="@mipmap/ic_launcher"
29-->src\main\AndroidManifest.xml:7:9-43
30        android:label="e-litbang" >
30-->src\main\AndroidManifest.xml:5:9-34
31        <activity
31-->src\main\AndroidManifest.xml:8:9-28:20
32            android:name="com.example.prototype_litbang.MainActivity"
32-->src\main\AndroidManifest.xml:9:13-41
33            android:configChanges="orientation|keyboardHidden|keyboard|screenSize|smallestScreenSize|locale|layoutDirection|fontScale|screenLayout|density|uiMode"
33-->src\main\AndroidManifest.xml:13:13-163
34            android:exported="true"
34-->src\main\AndroidManifest.xml:10:13-36
35            android:hardwareAccelerated="true"
35-->src\main\AndroidManifest.xml:14:13-47
36            android:launchMode="singleTop"
36-->src\main\AndroidManifest.xml:11:13-43
37            android:theme="@style/LaunchTheme"
37-->src\main\AndroidManifest.xml:12:13-47
38            android:windowSoftInputMode="adjustResize" >
38-->src\main\AndroidManifest.xml:15:13-55
39
40            <!--
41                 Specifies an Android theme to apply to this Activity as soon as
42                 the Android process has started. This theme is visible to the user
43                 while the Flutter UI initializes. After that, this theme continues
44                 to determine the Window background behind the Flutter UI.
45            -->
46            <meta-data
46-->src\main\AndroidManifest.xml:20:13-23:17
47                android:name="io.flutter.embedding.android.NormalTheme"
47-->src\main\AndroidManifest.xml:21:15-70
48                android:resource="@style/NormalTheme" />
48-->src\main\AndroidManifest.xml:22:15-52
49
50            <intent-filter>
50-->src\main\AndroidManifest.xml:24:13-27:29
51                <action android:name="android.intent.action.MAIN" />
51-->src\main\AndroidManifest.xml:25:17-68
51-->src\main\AndroidManifest.xml:25:25-66
52
53                <category android:name="android.intent.category.LAUNCHER" />
53-->src\main\AndroidManifest.xml:26:17-76
53-->src\main\AndroidManifest.xml:26:27-74
54            </intent-filter>
55        </activity>
56        <!-- <provider -->
57        <!-- android:name="vn.hunghd.flutterdownloader.DownloadedFileProvider" -->
58        <!-- android:authorities="${applicationId}.flutter_downloader.provider" -->
59        <!-- android:exported="false" -->
60        <!-- android:grantUriPermissions="true"> -->
61        <!-- <meta-data -->
62        <!-- android:name="android.support.FILE_PROVIDER_PATHS" -->
63        <!-- android:resource="@xml/provider_paths"/> -->
64        <!-- </provider> -->
65        <!-- <provider -->
66        <!-- android:name="androidx.startup.InitializationProvider" -->
67        <!-- android:authorities="${applicationId}.androidx-startup" -->
68        <!-- android:exported="false" -->
69        <!-- tools:node="merge"> -->
70        <!-- <meta-data -->
71        <!-- android:name="androidx.work.WorkManagerInitializer" -->
72        <!-- android:value="androidx.startup" -->
73        <!-- tools:node="remove" /> -->
74        <!-- </provider> -->
75
76
77        <!-- declare customized Initializer -->
78        <!-- <provider -->
79        <!-- android:name="vn.hunghd.flutterdownloader.FlutterDownloaderInitializer" -->
80        <!-- android:authorities="${applicationId}.flutter-downloader-init" -->
81        <!-- android:exported="false"> -->
82        <!-- &lt;!&ndash; changes this number to configure the maximum number of concurrent tasks &ndash;&gt; -->
83        <!-- <meta-data -->
84        <!-- android:name="vn.hunghd.flutterdownloader.MAX_CONCURRENT_TASKS" -->
85        <!-- android:value="5" /> -->
86        <!-- </provider> -->
87        <!--
88             Don't delete the meta-data below.
89             This is used by the Flutter tool to generate GeneratedPluginRegistrant.java
90        -->
91        <meta-data
91-->src\main\AndroidManifest.xml:61:9-63:33
92            android:name="flutterEmbedding"
92-->src\main\AndroidManifest.xml:62:13-44
93            android:value="2" />
93-->src\main\AndroidManifest.xml:63:13-30
94
95        <provider
95-->[:open_file] AndroidManifest.xml:14:9-23:20
96            android:name="com.crazecoder.openfile.FileProvider"
96-->[:open_file] AndroidManifest.xml:15:13-64
97            android:authorities="com.example.prototype_litbang.fileProvider.com.crazecoder.openfile"
97-->[:open_file] AndroidManifest.xml:16:13-88
98            android:exported="false"
98-->[:open_file] AndroidManifest.xml:17:13-37
99            android:grantUriPermissions="true" >
99-->[:open_file] AndroidManifest.xml:18:13-47
100            <meta-data
100-->[:open_file] AndroidManifest.xml:20:13-22:53
101                android:name="android.support.FILE_PROVIDER_PATHS"
101-->[:open_file] AndroidManifest.xml:21:17-67
102                android:resource="@xml/filepaths" />
102-->[:open_file] AndroidManifest.xml:22:17-50
103        </provider>
104
105        <activity
105-->[:url_launcher_android] AndroidManifest.xml:10:9-13:74
106            android:name="io.flutter.plugins.urllauncher.WebViewActivity"
106-->[:url_launcher_android] AndroidManifest.xml:11:13-74
107            android:exported="false"
107-->[:url_launcher_android] AndroidManifest.xml:12:13-37
108            android:theme="@android:style/Theme.NoTitleBar.Fullscreen" />
108-->[:url_launcher_android] AndroidManifest.xml:13:13-71
109
110        <uses-library
110-->[androidx.window:window:1.0.0-beta04] AndroidManifest.xml:25:9-27:40
111            android:name="androidx.window.extensions"
111-->[androidx.window:window:1.0.0-beta04] AndroidManifest.xml:26:13-54
112            android:required="false" />
112-->[androidx.window:window:1.0.0-beta04] AndroidManifest.xml:27:13-37
113        <uses-library
113-->[androidx.window:window:1.0.0-beta04] AndroidManifest.xml:28:9-30:40
114            android:name="androidx.window.sidecar"
114-->[androidx.window:window:1.0.0-beta04] AndroidManifest.xml:29:13-51
115            android:required="false" />
115-->[androidx.window:window:1.0.0-beta04] AndroidManifest.xml:30:13-37
116    </application>
117
118</manifest>